<?xml version="1.0" encoding="UTF-8"?><testsuite name="nosetests" tests="270" errors="0" failures="0" skip="25"><testcase classname="services.tests.test_baseapp.TestBaseApp" name="test_auth" time="0.004"></testcase><testcase classname="services.tests.test_baseapp.TestBaseApp" name="test_crash_id" time="0.003"></testcase><testcase classname="services.tests.test_baseapp.TestBaseApp" name="test_events" time="0.003"></testcase><testcase classname="services.tests.test_baseapp.TestBaseApp" name="test_graceful_shutdown" time="2.005"></testcase><testcase classname="services.tests.test_baseapp.TestBaseApp" name="test_heartbeat_debug_pages" time="0.030"></testcase><testcase classname="services.tests.test_baseapp.TestBaseApp" name="test_host_config" time="0.012"></testcase><testcase classname="services.tests.test_baseapp.TestBaseApp" name="test_methodnotallowed" time="0.012"></testcase><testcase classname="services.tests.test_baseapp.TestBaseApp" name="test_modules_loaded" time="0.002"></testcase><testcase classname="services.tests.test_baseapp.TestBaseApp" name="test_nosigclean" time="0.007"></testcase><testcase classname="services.tests.test_baseapp.TestBaseApp" name="test_notfound" time="0.003"></testcase><testcase classname="services.tests.test_baseapp.TestBaseApp" name="test_retry_after" time="0.010"></testcase><testcase classname="services.tests.test_baseapp.TestBaseApp" name="test_route_match_with_empty_path" time="0.002"></testcase><testcase classname="services.tests.test_baseapp.TestBaseApp" name="test_user" time="0.002"></testcase><testcase classname="services.tests.test_baseapp.TestBaseApp_Auth" name="test_auth" time="0.007"></testcase><testcase classname="services.tests.test_baseapp.TestBaseApp_Auth" name="test_crash_id" time="0.014"></testcase><testcase classname="services.tests.test_baseapp.TestBaseApp_Auth" name="test_events" time="0.013"></testcase><testcase classname="services.tests.test_baseapp.TestBaseApp_Auth" name="test_graceful_shutdown" time="2.011"></testcase><testcase classname="services.tests.test_baseapp.TestBaseApp_Auth" name="test_heartbeat_debug_pages" time="0.027"></testcase><testcase classname="services.tests.test_baseapp.TestBaseApp_Auth" name="test_host_config" time="0.003"></testcase><testcase classname="services.tests.test_baseapp.TestBaseApp_Auth" name="test_methodnotallowed" time="0.005"></testcase><testcase classname="services.tests.test_baseapp.TestBaseApp_Auth" name="test_modules_loaded" time="0.006"></testcase><testcase classname="services.tests.test_baseapp.TestBaseApp_Auth" name="test_nosigclean" time="0.003"></testcase><testcase classname="services.tests.test_baseapp.TestBaseApp_Auth" name="test_notfound" time="0.007"></testcase><testcase classname="services.tests.test_baseapp.TestBaseApp_Auth" name="test_retry_after" time="0.005"></testcase><testcase classname="services.tests.test_baseapp.TestBaseApp_Auth" name="test_route_match_with_empty_path" time="0.002"></testcase><testcase classname="services.tests.test_baseapp.TestBaseApp_Auth" name="test_user" time="0.003"></testcase><testcase classname="services.tests.test_baseapp" name="test_suite" time="0.001"></testcase><testcase classname="services.tests.test_captcha.TestCaptcha" name="test_captcha" time="0.000"></testcase><testcase classname="services.tests.test_config.ConfigTestCase" name="test_config" time="0.003"></testcase><testcase classname="services.tests.test_config.ConfigTestCase" name="test_config_merge" time="0.001"></testcase><testcase classname="services.tests.test_config.ConfigTestCase" name="test_nofile" time="0.000"></testcase><testcase classname="services.tests.test_config.ConfigTestCase" name="test_reader" time="0.001"></testcase><testcase classname="services.tests.test_controllers.TestStandardController" name="test_obfuscation" time="0.002"></testcase><testcase classname="services.tests.test_controllers" name="test_suite" time="0.000"></testcase><testcase classname="services.tests.test_dummyauth.TestDummyAuth" name="test_authenticate_user" time="0.000"></testcase><testcase classname="services.tests.test_dummyauth" name="test_suite" time="0.000"></testcase><testcase classname="services.tests.test_email.TestEmailer" name="test_send_email" time="0.263"></testcase><testcase classname="services.tests.test_email.TestEmailer" name="test_valid_email" time="0.000"></testcase><testcase classname="services.tests.test_events.TestEvents" name="test_host_config" time="0.000"></testcase><testcase classname="services.tests.test_events" name="test_suite" time="0.000"></testcase><testcase classname="services.tests.test_formatters.TestFormatters" name="test_response_conversions" time="0.000"></testcase><testcase classname="services.tests.test_http_helpers.TestHttp" name="test_get_url" time="0.000"></testcase><testcase classname="services.tests.test_http_helpers.TestHttp" name="test_proxy" time="0.000"></testcase><testcase classname="services.tests.test_ldapconnection.TestLDAPConnection" name="test_connection" time="0.000"></testcase><testcase classname="services.tests.test_ldapconnection.TestLDAPConnection" name="test_simple_bind_fails" time="0.000"></testcase><testcase classname="services.tests.test_ldapconnection.TestLDAPConnection" name="test_simple_bind_fails_proper_msg" time="0.000"></testcase><testcase classname="services.tests.test_ldapconnection.TestLDAPConnection" name="test_timeout_retry" time="0.000"></testcase><testcase classname="services.tests.test_ldappool.TestLDAPSQLAuth" name="test_max_lifetime" time="0.000"></testcase><testcase classname="services.tests.test_ldappool.TestLDAPSQLAuth" name="test_pool" time="0.000"></testcase><testcase classname="services.tests.test_ldappool.TestLDAPSQLAuth" name="test_pool_cleanup" time="0.000"></testcase><testcase classname="services.tests.test_ldappool.TestLDAPSQLAuth" name="test_pool_full" time="0.000"></testcase><testcase classname="services.tests.test_ldappool.TestLDAPSQLAuth" name="test_pool_reuse" time="0.000"></testcase><testcase classname="services.tests.test_ldapsqlauth.TestLDAPSQLAuth" name="test_get_user_id_fail" time="0.000"></testcase><testcase classname="services.tests.test_ldapsqlauth.TestLDAPSQLAuth" name="test_ldap_auth" time="0.000"></testcase><testcase classname="services.tests.test_ldapsqlauth.TestLDAPSQLAuth" name="test_ldap_no_pool" time="0.000"></testcase><testcase classname="services.tests.test_ldapsqlauth.TestLDAPSQLAuth" name="test_ldap_pool_size" time="0.000"></testcase><testcase classname="services.tests.test_ldapsqlauth.TestLDAPSQLAuth" name="test_md5_dn" time="0.000"></testcase><testcase classname="services.tests.test_ldapsqlauth.TestLDAPSQLAuth" name="test_no_creation" time="0.000"></testcase><testcase classname="services.tests.test_ldapsqlauth.TestLDAPSQLAuth" name="test_no_disabled_check" time="0.000"></testcase><testcase classname="services.tests.test_ldapsqlauth.TestLDAPSQLAuth" name="test_node_attribution" time="0.000"></testcase><testcase classname="services.tests.test_ldapsqlauth.TestLDAPSQLAuth" name="test_not_implemented" time="0.000"></testcase><testcase classname="services.tests.test_ldapsqlauth.TestLDAPSQLAuth" name="test_pool_purged" time="0.000"></testcase><testcase classname="services.tests.test_ldapsqlauth.TestLDAPSQLAuth" name="test_update_password" time="0.000"></testcase><testcase classname="services.tests.test_metrics.TestMetlogPlugin" name="test_creates_client" time="0.001"></testcase><testcase classname="services.tests.test_mozilla.TestLDAPSQLAuth" name="test_mozilla_auth" time="0.000"></testcase><testcase classname="services.tests.test_mozilla" name="test_suite" time="0.000"></testcase><testcase classname="services.tests.test_mozilla_sreg.TestMozillaSRegAuth" name="test_mozilla_auth" time="0.000"></testcase><testcase classname="services.tests.test_mozilla_sreg.TestMozillaSRegAuth" name="test_no_email_no_reset_code" time="0.000"></testcase><testcase classname="services.tests.test_mozilla_sreg" name="test_suite" time="0.000"></testcase><testcase classname="services.tests.test_pluginreg.TestPlugin" name="test_get" time="0.000"></testcase><testcase classname="services.tests.test_pluginreg.TestPlugin" name="test_invariant" time="0.000"></testcase><testcase classname="services.tests.test_pluginreg.TestPlugin" name="test_load_direct" time="0.000"></testcase><testcase classname="services.tests.test_pluginreg" name="test_suite" time="0.000"></testcase><testcase classname="services.tests.test_resetcode.TestResetCodeManager" name="test_reset_code_memcache" time="0.001"><skipped type="unittest.case.SkipTest" message=""><![CDATA[SkipTest
]]></skipped></testcase><testcase classname="services.tests.test_resetcode.TestResetCodeManager" name="test_reset_code_sql" time="1.012"></testcase><testcase classname="services.tests.test_resetcode.TestResetCodeManager" name="test_reset_code_sreg" time="0.000"></testcase><testcase classname="services.tests.test_resetcode" name="test_suite" time="0.000"></testcase><testcase classname="services.tests.test_sqlauth.TestSQLAuth" name="test_authenticate_user" time="0.087"></testcase><testcase classname="services.tests.test_sqlauth.TestSQLAuth" name="test_no_create" time="0.058"></testcase><testcase classname="services.tests.test_sqlauth.TestSQLAuth" name="test_no_pool" time="0.055"></testcase><testcase classname="services.tests.test_sqlauth.TestSQLAuth" name="test_reset_code" time="0.083"></testcase><testcase classname="services.tests.test_sqlauth.TestSQLAuth" name="test_status" time="0.024"></testcase><testcase classname="services.tests.test_sqlauth" name="test_suite" time="0.000"></testcase><testcase classname="services.tests.test_user.TestUser" name="test_backenderrors" time="0.000"><skipped type="unittest.case.SkipTest" message=""><![CDATA[SkipTest
]]></skipped></testcase><testcase classname="services.tests.test_user.TestUser" name="test_extract_username" time="0.022"></testcase><testcase classname="services.tests.test_user.TestUser" name="test_user_ldap" time="0.000"><skipped type="unittest.case.SkipTest" message=""><![CDATA[SkipTest
]]></skipped></testcase><testcase classname="services.tests.test_user.TestUser" name="test_user_memory" time="0.000"></testcase><testcase classname="services.tests.test_user.TestUser" name="test_user_proxy" time="0.000"><skipped type="unittest.case.SkipTest" message=""><![CDATA[SkipTest
]]></skipped></testcase><testcase classname="services.tests.test_user.TestUser" name="test_user_proxycache" time="0.000"><skipped type="unittest.case.SkipTest" message=""><![CDATA[SkipTest
]]></skipped></testcase><testcase classname="services.tests.test_user.TestUser" name="test_user_sql" time="1.030"></testcase><testcase classname="services.tests.test_user.TestUser" name="test_user_sreg" time="0.000"><skipped type="unittest.case.SkipTest" message=""><![CDATA[SkipTest
]]></skipped></testcase><testcase classname="services.tests.test_user" name="test_suite" time="0.000"></testcase><testcase classname="services.tests.test_util.TestUtil" name="test_batch" time="0.013"></testcase><testcase classname="services.tests.test_util.TestUtil" name="test_bigint2time" time="0.020"></testcase><testcase classname="services.tests.test_util.TestUtil" name="test_function_move" time="0.032"></testcase><testcase classname="services.tests.test_util.TestUtil" name="test_get_source_ip" time="0.029"></testcase><testcase classname="services.tests.test_util.TestUtil" name="test_middleware_exception" time="0.034"></testcase><testcase classname="services.tests.test_util.TestUtil" name="test_request" time="0.032"></testcase><testcase classname="services.tests.test_util.TestUtil" name="test_round_time" time="0.030"></testcase><testcase classname="services.tests.test_util.TestUtil" name="test_time2bigint" time="0.031"></testcase><testcase classname="services.tests.test_util.TestUtil" name="test_valid_password" time="0.031"></testcase><testcase classname="services.tests.test_util.TestUtil" name="test_validate_password" time="0.031"></testcase><testcase classname="services.tests.test_whoauth.TestWhoAuthentication" name="test_acknowledge_method" time="0.031"></testcase><testcase classname="services.tests.test_whoauth.TestWhoAuthentication" name="test_bad_utf8_password" time="0.042"></testcase><testcase classname="services.tests.test_whoauth.TestWhoAuthentication" name="test_check_method" time="0.080"></testcase><testcase classname="services.tests.test_whoauth.TestWhoAuthentication" name="test_malformed_auth_headers" time="0.025"></testcase><testcase classname="services.tests.test_whoauth.TestWhoAuthentication" name="test_syncNode_checking" time="0.038"></testcase><testcase classname="services.tests.test_whoauth.TestWhoAuthentication" name="test_unusual_passwords" time="0.051"></testcase><testcase classname="services.tests.test_whoauth.TestWhoAuthentication_FromConfig" name="test_acknowledge_method" time="0.034"></testcase><testcase classname="services.tests.test_whoauth.TestWhoAuthentication_FromConfig" name="test_bad_utf8_password" time="0.031"></testcase><testcase classname="services.tests.test_whoauth.TestWhoAuthentication_FromConfig" name="test_check_method" time="0.034"></testcase><testcase classname="services.tests.test_whoauth.TestWhoAuthentication_FromConfig" name="test_malformed_auth_headers" time="0.033"></testcase><testcase classname="services.tests.test_whoauth.TestWhoAuthentication_FromConfig" name="test_syncNode_checking" time="0.033"></testcase><testcase classname="services.tests.test_whoauth.TestWhoAuthentication_FromConfig" name="test_unusual_passwords" time="0.061"></testcase><testcase classname="services.tests.test_whoauth.TestWhoAuthentication_GenericPlugin" name="test_acknowledge_method" time="0.027"></testcase><testcase classname="services.tests.test_whoauth.TestWhoAuthentication_GenericPlugin" name="test_bad_utf8_password" time="0.039"></testcase><testcase classname="services.tests.test_whoauth.TestWhoAuthentication_GenericPlugin" name="test_check_method" time="0.033"></testcase><testcase classname="services.tests.test_whoauth.TestWhoAuthentication_GenericPlugin" name="test_malformed_auth_headers" time="0.033"></testcase><testcase classname="services.tests.test_whoauth.TestWhoAuthentication_GenericPlugin" name="test_syncNode_checking" time="0.036"></testcase><testcase classname="services.tests.test_whoauth.TestWhoAuthentication_GenericPlugin" name="test_unusual_passwords" time="0.061"></testcase><testcase classname="services.tests.test_whoauth.TestWhoAuthentication_NewStyleAuth" name="test_acknowledge_method" time="0.028"></testcase><testcase classname="services.tests.test_whoauth.TestWhoAuthentication_NewStyleAuth" name="test_bad_utf8_password" time="0.033"></testcase><testcase classname="services.tests.test_whoauth.TestWhoAuthentication_NewStyleAuth" name="test_check_method" time="0.038"></testcase><testcase classname="services.tests.test_whoauth.TestWhoAuthentication_NewStyleAuth" name="test_malformed_auth_headers" time="0.036"></testcase><testcase classname="services.tests.test_whoauth.TestWhoAuthentication_NewStyleAuth" name="test_syncNode_checking" time="0.034"></testcase><testcase classname="services.tests.test_whoauth.TestWhoAuthentication_NewStyleAuth" name="test_unusual_passwords" time="0.062"></testcase><testcase classname="services.tests.test_whoauth" name="test_suite" time="0.000"></testcase><testcase classname="services.tests.test_wsgiauth.TestAuthentication" name="test_acknowledge_method" time="0.028"></testcase><testcase classname="services.tests.test_wsgiauth.TestAuthentication" name="test_authenticate_user" time="0.035"></testcase><testcase classname="services.tests.test_wsgiauth.TestAuthentication" name="test_bad_utf8_password" time="0.062"></testcase><testcase classname="services.tests.test_wsgiauth.TestAuthentication" name="test_check_method" time="0.033"></testcase><testcase classname="services.tests.test_wsgiauth.TestAuthentication" name="test_malformed_auth_headers" time="0.032"></testcase><testcase classname="services.tests.test_wsgiauth.TestAuthentication" name="test_syncNode_checking" time="0.031"></testcase><testcase classname="services.tests.test_wsgiauth.TestAuthentication" name="test_unusual_passwords" time="0.040"></testcase><testcase classname="services.tests.test_wsgiauth.TestAuthentication_NewStyleAuth" name="test_acknowledge_method" time="0.028"></testcase><testcase classname="services.tests.test_wsgiauth.TestAuthentication_NewStyleAuth" name="test_authenticate_user" time="0.035"></testcase><testcase classname="services.tests.test_wsgiauth.TestAuthentication_NewStyleAuth" name="test_bad_utf8_password" time="0.030"></testcase><testcase classname="services.tests.test_wsgiauth.TestAuthentication_NewStyleAuth" name="test_check_method" time="0.032"></testcase><testcase classname="services.tests.test_wsgiauth.TestAuthentication_NewStyleAuth" name="test_malformed_auth_headers" time="0.028"></testcase><testcase classname="services.tests.test_wsgiauth.TestAuthentication_NewStyleAuth" name="test_syncNode_checking" time="0.029"></testcase><testcase classname="services.tests.test_wsgiauth.TestAuthentication_NewStyleAuth" name="test_unusual_passwords" time="0.039"></testcase><testcase classname="services.tests.test_wsgiauth" name="test_suite" time="0.000"></testcase><testcase classname="syncreg.tests.functional.test_static.TestUser" name="test_file" time="0.174"></testcase><testcase classname="syncreg.tests.functional.test_user.TestUser" name="test_change_email" time="0.330"></testcase><testcase classname="syncreg.tests.functional.test_user.TestUser" name="test_change_password" time="0.427"></testcase><testcase classname="syncreg.tests.functional.test_user.TestUser" name="test_change_password_with_header" time="0.247"></testcase><testcase classname="syncreg.tests.functional.test_user.TestUser" name="test_create_user" time="0.285"></testcase><testcase classname="syncreg.tests.functional.test_user.TestUser" name="test_delete_user" time="0.254"></testcase><testcase classname="syncreg.tests.functional.test_user.TestUser" name="test_fallback_node" time="0.194"></testcase><testcase classname="syncreg.tests.functional.test_user.TestUser" name="test_force_reset" time="0.214"></testcase><testcase classname="syncreg.tests.functional.test_user.TestUser" name="test_node_assignment" time="0.159"></testcase><testcase classname="syncreg.tests.functional.test_user.TestUser" name="test_node_assignment_already_written" time="0.196"></testcase><testcase classname="syncreg.tests.functional.test_user.TestUser" name="test_node_assignment_failure" time="0.160"></testcase><testcase classname="syncreg.tests.functional.test_user.TestUser" name="test_non_ascii_password" time="0.295"></testcase><testcase classname="syncreg.tests.functional.test_user.TestUser" name="test_password_reset" time="0.309"></testcase><testcase classname="syncreg.tests.functional.test_user.TestUser" name="test_password_reset_direct" time="0.164"></testcase><testcase classname="syncreg.tests.functional.test_user.TestUser" name="test_prevent_bad_node" time="0.159"></testcase><testcase classname="syncreg.tests.functional.test_user.TestUser" name="test_recaptcha" time="0.157"></testcase><testcase classname="syncreg.tests.functional.test_user.TestUser" name="test_reset_email" time="0.264"></testcase><testcase classname="syncreg.tests.functional.test_user.TestUser" name="test_shared_secret" time="0.289"></testcase><testcase classname="syncreg.tests.functional.test_user.TestUser" name="test_unkown_user_node" time="0.156"></testcase><testcase classname="syncreg.tests.functional.test_user.TestUser" name="test_user_exists" time="0.160"></testcase><testcase classname="syncstorage.tests.functional.test_storage.TestStorage" name="test_alternative_formats" time="0.426"></testcase><testcase classname="syncstorage.tests.functional.test_storage.TestStorage" name="test_bad_cache" time="0.417"></testcase><testcase classname="syncstorage.tests.functional.test_storage.TestStorage" name="test_batch" time="1.911"></testcase><testcase classname="syncstorage.tests.functional.test_storage.TestStorage" name="test_batch_size" time="0.375"></testcase><testcase classname="syncstorage.tests.functional.test_storage.TestStorage" name="test_collection_usage" time="0.479"></testcase><testcase classname="syncstorage.tests.functional.test_storage.TestStorage" name="test_debug_screen" time="0.411"></testcase><testcase classname="syncstorage.tests.functional.test_storage.TestStorage" name="test_delete_collection" time="1.108"></testcase><testcase classname="syncstorage.tests.functional.test_storage.TestStorage" name="test_delete_item" time="0.418"></testcase><testcase classname="syncstorage.tests.functional.test_storage.TestStorage" name="test_delete_storage" time="0.477"></testcase><testcase classname="syncstorage.tests.functional.test_storage.TestStorage" name="test_get_collection" time="1.335"></testcase><testcase classname="syncstorage.tests.functional.test_storage.TestStorage" name="test_get_collection_count" time="0.484"></testcase><testcase classname="syncstorage.tests.functional.test_storage.TestStorage" name="test_get_collection_ttl" time="3.721"></testcase><testcase classname="syncstorage.tests.functional.test_storage.TestStorage" name="test_get_collections" time="0.373"></testcase><testcase classname="syncstorage.tests.functional.test_storage.TestStorage" name="test_get_item" time="0.379"></testcase><testcase classname="syncstorage.tests.functional.test_storage.TestStorage" name="test_guid_deletion" time="0.434"></testcase><testcase classname="syncstorage.tests.functional.test_storage.TestStorage" name="test_handling_of_invalid_json" time="0.406"></testcase><testcase classname="syncstorage.tests.functional.test_storage.TestStorage" name="test_ifunmodifiedsince" time="0.405"></testcase><testcase classname="syncstorage.tests.functional.test_storage.TestStorage" name="test_metrics" time="0.388"></testcase><testcase classname="syncstorage.tests.functional.test_storage.TestStorage" name="test_overquota" time="0.398"></testcase><testcase classname="syncstorage.tests.functional.test_storage.TestStorage" name="test_quota" time="0.397"></testcase><testcase classname="syncstorage.tests.functional.test_storage.TestStorage" name="test_rounding" time="0.423"></testcase><testcase classname="syncstorage.tests.functional.test_storage.TestStorage" name="test_set_collection" time="0.420"></testcase><testcase classname="syncstorage.tests.functional.test_storage.TestStorage" name="test_set_item" time="0.420"></testcase><testcase classname="syncstorage.tests.functional.test_storage.TestStorage" name="test_strict_newer" time="0.654"></testcase><testcase classname="syncstorage.tests.functional.test_storage.TestStorage" name="test_strict_newer_tabs" time="0.671"></testcase><testcase classname="syncstorage.tests.functional.test_storage.TestStorage" name="test_that_expired_items_can_be_overwritten_via_PUT" time="0.423"></testcase><testcase classname="syncstorage.tests.functional.test_storage.TestStorage" name="test_that_put_reports_consistent_timestamps" time="2.593"></testcase><testcase classname="syncstorage.tests.functional.test_storage.TestStorage" name="test_weird_args" time="0.463"></testcase><testcase classname="syncstorage.tests.functional.test_storage.TestStorage" name="test_write_tabs_503" time="0.365"><skipped type="unittest.case.SkipTest" message=""><![CDATA[SkipTest
]]></skipped></testcase><testcase classname="syncstorage.tests.functional.test_storage.TestStorage" name="test_x_weave_timestamp" time="0.444"></testcase><testcase classname="syncstorage.tests.test_memcachedsql.TestMemcachedSQLStorage" name="test_basic" time="0.000"><skipped type="unittest.case.SkipTest" message=""><![CDATA[SkipTest
]]></skipped></testcase><testcase classname="syncstorage.tests.test_memcachedsql.TestMemcachedSQLStorage" name="test_collection_sizes" time="0.000"><skipped type="unittest.case.SkipTest" message=""><![CDATA[SkipTest
]]></skipped></testcase><testcase classname="syncstorage.tests.test_memcachedsql.TestMemcachedSQLStorage" name="test_collection_stamps" time="0.000"><skipped type="unittest.case.SkipTest" message=""><![CDATA[SkipTest
]]></skipped></testcase><testcase classname="syncstorage.tests.test_memcachedsql.TestMemcachedSQLStorage" name="test_flush_all" time="0.000"><skipped type="unittest.case.SkipTest" message=""><![CDATA[SkipTest
]]></skipped></testcase><testcase classname="syncstorage.tests.test_memcachedsql.TestMemcachedSQLStorage" name="test_get_max_timestamp_of_empty_collection" time="0.000"><skipped type="unittest.case.SkipTest" message=""><![CDATA[SkipTest
]]></skipped></testcase><testcase classname="syncstorage.tests.test_memcachedsql.TestMemcachedSQLStorage" name="test_meta_global" time="0.000"><skipped type="unittest.case.SkipTest" message=""><![CDATA[SkipTest
]]></skipped></testcase><testcase classname="syncstorage.tests.test_memcachedsql.TestMemcachedSQLStorage" name="test_recalculation_of_cached_quota_usage" time="0.000"><skipped type="unittest.case.SkipTest" message=""><![CDATA[SkipTest
]]></skipped></testcase><testcase classname="syncstorage.tests.test_memcachedsql.TestMemcachedSQLStorage" name="test_size" time="0.000"><skipped type="unittest.case.SkipTest" message=""><![CDATA[SkipTest
]]></skipped></testcase><testcase classname="syncstorage.tests.test_memcachedsql.TestMemcachedSQLStorage" name="test_tabs" time="0.000"><skipped type="unittest.case.SkipTest" message=""><![CDATA[SkipTest
]]></skipped></testcase><testcase classname="syncstorage.tests.test_memcachedsql.TestMirroredMemcachedSQLStorage" name="test_basic" time="0.000"><skipped type="unittest.case.SkipTest" message=""><![CDATA[SkipTest
]]></skipped></testcase><testcase classname="syncstorage.tests.test_memcachedsql.TestMirroredMemcachedSQLStorage" name="test_collection_sizes" time="0.000"><skipped type="unittest.case.SkipTest" message=""><![CDATA[SkipTest
]]></skipped></testcase><testcase classname="syncstorage.tests.test_memcachedsql.TestMirroredMemcachedSQLStorage" name="test_collection_stamps" time="0.000"><skipped type="unittest.case.SkipTest" message=""><![CDATA[SkipTest
]]></skipped></testcase><testcase classname="syncstorage.tests.test_memcachedsql.TestMirroredMemcachedSQLStorage" name="test_flush_all" time="0.000"><skipped type="unittest.case.SkipTest" message=""><![CDATA[SkipTest
]]></skipped></testcase><testcase classname="syncstorage.tests.test_memcachedsql.TestMirroredMemcachedSQLStorage" name="test_get_max_timestamp_of_empty_collection" time="0.000"><skipped type="unittest.case.SkipTest" message=""><![CDATA[SkipTest
]]></skipped></testcase><testcase classname="syncstorage.tests.test_memcachedsql.TestMirroredMemcachedSQLStorage" name="test_meta_global" time="0.000"><skipped type="unittest.case.SkipTest" message=""><![CDATA[SkipTest
]]></skipped></testcase><testcase classname="syncstorage.tests.test_memcachedsql.TestMirroredMemcachedSQLStorage" name="test_recalculation_of_cached_quota_usage" time="0.000"><skipped type="unittest.case.SkipTest" message=""><![CDATA[SkipTest
]]></skipped></testcase><testcase classname="syncstorage.tests.test_memcachedsql.TestMirroredMemcachedSQLStorage" name="test_size" time="0.000"><skipped type="unittest.case.SkipTest" message=""><![CDATA[SkipTest
]]></skipped></testcase><testcase classname="syncstorage.tests.test_memcachedsql.TestMirroredMemcachedSQLStorage" name="test_tabs" time="0.000"><skipped type="unittest.case.SkipTest" message=""><![CDATA[SkipTest
]]></skipped></testcase><testcase classname="syncstorage.tests.test_memcachedsql" name="test_suite" time="0.001"></testcase><testcase classname="syncstorage.tests.test_metlog.TestMetlog" name="test_addl_services_data" time="0.145"></testcase><testcase classname="syncstorage.tests.test_metlog.TestMetlog" name="test_stats_go_out" time="0.052"></testcase><testcase classname="syncstorage.tests.test_sql.TestSQLStorage" name="test_collections" time="0.160"></testcase><testcase classname="syncstorage.tests.test_sql.TestSQLStorage" name="test_dashed_ids" time="0.207"></testcase><testcase classname="syncstorage.tests.test_sql.TestSQLStorage" name="test_get_collection_timestamps" time="1.282"></testcase><testcase classname="syncstorage.tests.test_sql.TestSQLStorage" name="test_get_collection_with_no_create" time="0.155"></testcase><testcase classname="syncstorage.tests.test_sql.TestSQLStorage" name="test_items" time="0.205"></testcase><testcase classname="syncstorage.tests.test_sql.TestSQLStorage" name="test_max_overflow_and_max_backlog" time="1.189"></testcase><testcase classname="syncstorage.tests.test_sql.TestSQLStorage" name="test_no_create" time="1.230"></testcase><testcase classname="syncstorage.tests.test_sql.TestSQLStorage" name="test_nopool" time="1.035"></testcase><testcase classname="syncstorage.tests.test_sql.TestSQLStorage" name="test_query_timing" time="0.153"></testcase><testcase classname="syncstorage.tests.test_sql.TestSQLStorage" name="test_set_get_user" time="0.197"></testcase><testcase classname="syncstorage.tests.test_sql.TestSQLStorage" name="test_shard" time="1.007"></testcase><testcase classname="syncstorage.tests.test_sql.TestSQLStorage" name="test_storage_size" time="0.214"></testcase><testcase classname="syncstorage.tests.test_sql.TestSQLStorage" name="test_ttl" time="1.308"></testcase><testcase classname="syncstorage.tests.test_sql.TestSQLStorage" name="test_user_exists" time="0.170"></testcase><testcase classname="syncstorage.tests.test_sql" name="test_suite" time="0.000"></testcase><testcase classname="syncstorage.tests.test_storagebase.TestSyncStorageBase" name="test_register" time="0.000"></testcase><testcase classname="syncstorage.tests.test_storagebase" name="test_suite" time="0.000"></testcase><testcase classname="syncstorage.tests.test_wbo.TestWBO" name="test_basic" time="0.000"></testcase><testcase classname="syncstorage.tests.test_wbo.TestWBO" name="test_validation" time="0.001"></testcase><testcase classname="syncstorage.tests.test_wbo" name="test_suite" time="0.000"></testcase><testcase classname="syncstorage.tests.test_wsgiapp.TestEOLHeaders" name="test_eol_header_fields_are_configurable" time="0.094"></testcase><testcase classname="syncstorage.tests.test_wsgiapp.TestEOLHeaders" name="test_eol_header_is_sent_after_reducing_rollout_percent" time="1.077"></testcase><testcase classname="syncstorage.tests.test_wsgiapp.TestEOLHeaders" name="test_headers_are_not_sent_by_default" time="0.096"></testcase><testcase classname="syncstorage.tests.test_wsgiapp.TestEOLHeaders" name="test_headers_are_restricted_before_general_release" time="0.118"></testcase><testcase classname="syncstorage.tests.test_wsgiapp.TestEOLHeaders" name="test_headers_are_sent_in_general_release" time="0.092"></testcase><testcase classname="syncstorage.tests.test_wsgiapp.TestEOLHeaders" name="test_headers_are_sent_to_rollout_percentage" time="0.824"></testcase><testcase classname="syncstorage.tests.test_wsgiapp.TestEOLHeaders" name="test_migration_metrics_collection" time="0.166"></testcase><testcase classname="syncstorage.tests.test_wsgiapp.TestEOLHeaders" name="test_rollout_percentage_works_before_general_release" time="1.106"></testcase><testcase classname="syncstorage.tests.test_wsgiapp.TestWSGIApp" name="test_checking_node_status_in_memcache" time="0.093"></testcase><testcase classname="syncstorage.tests.test_wsgiapp.TestWSGIApp" name="test_dependant_options" time="0.102"></testcase><testcase classname="syncstorage.tests.test_wsgiapp.TestWSGIApp" name="test_host_specific_config" time="0.085"></testcase><testcase classname="keyexchange.tests.test_filtering.TestIPFiltering" name="test_admin_page" time="0.008"></testcase><testcase classname="keyexchange.tests.test_filtering.TestIPFiltering" name="test_basics" time="0.009"></testcase><testcase classname="keyexchange.tests.test_filtering.TestIPFiltering" name="test_blacklist_dies" time="0.504"></testcase><testcase classname="keyexchange.tests.test_filtering.TestIPFiltering" name="test_blacklist_thread_safe" time="0.004"></testcase><testcase classname="keyexchange.tests.test_filtering.TestIPFiltering" name="test_ip_whitelist" time="0.003"></testcase><testcase classname="keyexchange.tests.test_filtering.TestIPFiltering" name="test_observe_blacklist" time="0.004"></testcase><testcase classname="keyexchange.tests.test_filtering.TestIPFiltering" name="test_pickling" time="0.006"></testcase><testcase classname="keyexchange.tests.test_filtering.TestIPFiltering" name="test_reached_br_max" time="1.505"></testcase><testcase classname="keyexchange.tests.test_filtering.TestIPFiltering" name="test_reached_max" time="1.506"></testcase><testcase classname="keyexchange.tests.test_filtering.TestIPFiltering" name="test_reached_max_observe" time="0.017"></testcase><testcase classname="keyexchange.tests.test_filtering.TestIPFiltering" name="test_sync" time="0.026"></testcase><testcase classname="keyexchange.tests.test_ipqueue.TestIPQueue" name="test_threading" time="0.033"></testcase><testcase classname="keyexchange.tests.test_ipqueue.TestIPQueue" name="test_ttl" time="0.601"></testcase><testcase classname="keyexchange.tests.test_keyexchange.TestWsgiApp" name="test_404s" time="0.087"></testcase><testcase classname="keyexchange.tests.test_keyexchange.TestWsgiApp" name="test_behavior" time="0.020"></testcase><testcase classname="keyexchange.tests.test_keyexchange.TestWsgiApp" name="test_cef_error" time="0.030"></testcase><testcase classname="keyexchange.tests.test_keyexchange.TestWsgiApp" name="test_cef_logger" time="0.025"></testcase><testcase classname="keyexchange.tests.test_keyexchange.TestWsgiApp" name="test_id_header" time="0.043"></testcase><testcase classname="keyexchange.tests.test_keyexchange.TestWsgiApp" name="test_if_modified" time="0.025"></testcase><testcase classname="keyexchange.tests.test_keyexchange.TestWsgiApp" name="test_if_modified2" time="0.022"></testcase><testcase classname="keyexchange.tests.test_keyexchange.TestWsgiApp" name="test_max_gets" time="0.036"></testcase><testcase classname="keyexchange.tests.test_keyexchange.TestWsgiApp" name="test_new_channel_header" time="0.024"></testcase><testcase classname="keyexchange.tests.test_keyexchange.TestWsgiApp" name="test_new_channel_observe_mode_cef" time="0.045"></testcase><testcase classname="keyexchange.tests.test_keyexchange.TestWsgiApp" name="test_report" time="0.025"></testcase><testcase classname="keyexchange.tests.test_keyexchange.TestWsgiApp" name="test_root" time="0.016"></testcase><testcase classname="keyexchange.tests.test_keyexchange.TestWsgiApp" name="test_session" time="0.983"><system-out><![CDATA[Bob sends step one
86e50149658661312a9e0b35558d84f6c6d3da797f552a9657fe0558ca40cdef86e50149658661312a9e0b35558d84f6c6d3da797f552a9657fe0558ca40cdef86e50149658661312a9e0b35558d84f6c6d3da797f552a9657fe0558ca40cdef86e50149658661312a9e0b35558d84f6c6d3da797f552a9657fe0558ca40cdef
]]></system-out></testcase></testsuite>